<?xml version="1.0" encoding="UTF-8"?>
<!-- Generated by org.testng.reporters.JUnitReportReporter -->
<testsuite hostname="MSI" failures="0" tests="7" name="com.zooplus.tests.PetTests" time="25.444" errors="0" timestamp="2021-05-02T13:32:35 IST" skipped="0">
  <testcase classname="com.zooplus.tests.PetTests" name="createPetTest" time="7.347"/>
  <system-out/>
  <testcase classname="com.zooplus.tests.PetTests" name="getPetByStatusTest" time="0.814"/>
  <system-out/>
  <testcase classname="com.zooplus.tests.PetTests" name="updatePetFormDataTest" time="2.359"/>
  <system-out/>
  <testcase classname="com.zooplus.tests.PetTests" name="getPetByIdTest" time="2.681"/>
  <system-out/>
  <testcase classname="com.zooplus.tests.PetTests" name="updatePetTest" time="3.781"/>
  <system-out/>
  <testcase classname="com.zooplus.tests.PetTests" name="uploadImageTest" time="4.195"/>
  <system-out/>
  <testcase classname="com.zooplus.tests.PetTests" name="deletePetTest" time="4.267"/>
  <system-out/>
</testsuite> <!-- com.zooplus.tests.PetTests -->
