<?xml version="1.0" encoding="UTF-8"?>
<!-- Generated by org.testng.reporters.JUnitReportReporter -->
<testsuite hostname="MSI" failures="0" tests="7" name="com.zooplus.tests.PetTests" time="24.193" errors="0" timestamp="2021-05-02T13:09:56 IST" skipped="0">
  <testcase classname="com.zooplus.tests.PetTests" name="updatePetFormDataTest" time="2.518"/>
  <system-out/>
  <testcase classname="com.zooplus.tests.PetTests" name="updatePetTest" time="3.466"/>
  <system-out/>
  <testcase classname="com.zooplus.tests.PetTests" name="getPetByStatusTest" time="1.144"/>
  <system-out/>
  <testcase classname="com.zooplus.tests.PetTests" name="createPetTest" time="8.536"/>
  <system-out/>
  <testcase classname="com.zooplus.tests.PetTests" name="deletePetTest" time="3.373"/>
  <system-out/>
  <testcase classname="com.zooplus.tests.PetTests" name="uploadImageTest" time="2.717"/>
  <system-out/>
  <testcase classname="com.zooplus.tests.PetTests" name="getPetByIdTest" time="2.439"/>
  <system-out/>
</testsuite> <!-- com.zooplus.tests.PetTests -->
