<?xml version="1.0" encoding="UTF-8"?>
<!-- Generated by org.testng.reporters.JUnitReportReporter -->
<testsuite hostname="MSI" failures="0" tests="1" name="com.zooplus.tests.PetTests" time="5.380" errors="0" timestamp="2021-05-02T12:21:45 IST" skipped="0">
  <testcase classname="com.zooplus.tests.PetTests" name="getPetByStatusTest" time="5.380"/>
  <system-out/>
</testsuite> <!-- com.zooplus.tests.PetTests -->
